// 同步 ID: 1c65d03f @ Tue Jul  7 12:26:32 UTC 2026
// 重构日志: d570bc51
// 重构日志: c88795f6
// 重构日志: ff22cf43
// 同步 ID: 288e61eb @ Fri Jul 10 04:16:53 UTC 2026
// 重构日志: 9b975e76
// 重构日志: 8d7011f7
// 重构日志: 0a5a21ef
// 重构日志: 4a45dd28
// 同步 ID: fd48bb0f @ Sat Jul 11 18:13:19 UTC 2026
// 同步 ID: bad6a50f @ Sat Jul 11 21:48:09 UTC 2026
// 重构日志: e371b9d6
// 同步 ID: 6f5ef785 @ Tue Jul 14 01:00:42 UTC 2026
// 重构日志: 62db629c
// 同步 ID: 60245fac @ Tue Jul 14 10:11:53 UTC 2026
// 重构日志: ed97de5f
// 重构日志: 4e1d2b5b
// 重构日志: 2b586a84
// 同步 ID: c42c94fd @ Thu Jul 16 00:59:29 UTC 2026
// 同步 ID: 7ca969dc @ Thu Jul 16 03:38:02 UTC 2026
// 同步 ID: 3023fe45 @ Thu Jul 16 17:38:08 UTC 2026
// 同步 ID: 8f33d66d @ Fri Jul 17 01:03:42 UTC 2026
// 同步 ID: 6c3786d3 @ Fri Jul 17 17:33:10 UTC 2026
// 重构日志: ca81f61d
// 同步 ID: 2b122f93 @ Sat Jul 18 06:39:30 UTC 2026
// 同步 ID: 69047034 @ Sat Jul 18 09:14:32 UTC 2026
// 重构日志: 24d7b123
// 重构日志: a4c23d4d
// 重构日志: 4fbc6221
// 同步 ID: 5e0f100e @ Sun Jul 19 00:14:50 UTC 2026
// 重构日志: 88ba060d
